Determining if the pthread_create exist failed with the following output:
Change Dir: /home/abc/apriltag_python/apriltag/build/CMakeFiles/CMakeTmp

Run Build Command:"/usr/bin/make" "cmTC_6f12b/fast"
/usr/bin/make -f CMakeFiles/cmTC_6f12b.dir/build.make CMakeFiles/cmTC_6f12b.dir/build
make[1]: Entering directory '/home/abc/apriltag_python/apriltag/build/CMakeFiles/CMakeTmp'
Building C object CMakeFiles/cmTC_6f12b.dir/CheckSymbolExists.c.o
/usr/bin/cc     -o CMakeFiles/cmTC_6f12b.dir/CheckSymbolExists.c.o   -c /home/abc/apriltag_python/apriltag/build/CMakeFiles/CMakeTmp/CheckSymbolExists.c
Linking C executable cmTC_6f12b
/usr/bin/cmake -E cmake_link_script CMakeFiles/cmTC_6f12b.dir/link.txt --verbose=1
/usr/bin/cc       CMakeFiles/cmTC_6f12b.dir/CheckSymbolExists.c.o  -o cmTC_6f12b -rdynamic 
CMakeFiles/cmTC_6f12b.dir/CheckSymbolExists.c.o: In function `main':
CheckSymbolExists.c:(.text+0x16): undefined reference to `pthread_create'
collect2: error: ld returned 1 exit status
CMakeFiles/cmTC_6f12b.dir/build.make:97: recipe for target 'cmTC_6f12b' failed
make[1]: *** [cmTC_6f12b] Error 1
make[1]: Leaving directory '/home/abc/apriltag_python/apriltag/build/CMakeFiles/CMakeTmp'
Makefile:126: recipe for target 'cmTC_6f12b/fast' failed
make: *** [cmTC_6f12b/fast] Error 2

File /home/abc/apriltag_python/apriltag/build/CMakeFiles/CMakeTmp/CheckSymbolExists.c:
/* */
#include <pthread.h>

int main(int argc, char** argv)
{
  (void)argv;
#ifndef pthread_create
  return ((int*)(&pthread_create))[argc];
#else
  (void)argc;
  return 0;
#endif
}

Determining if the function pthread_create exists in the pthreads failed with the following output:
Change Dir: /home/abc/apriltag_python/apriltag/build/CMakeFiles/CMakeTmp

Run Build Command:"/usr/bin/make" "cmTC_0f512/fast"
/usr/bin/make -f CMakeFiles/cmTC_0f512.dir/build.make CMakeFiles/cmTC_0f512.dir/build
make[1]: Entering directory '/home/abc/apriltag_python/apriltag/build/CMakeFiles/CMakeTmp'
Building C object CMakeFiles/cmTC_0f512.dir/CheckFunctionExists.c.o
/usr/bin/cc    -DCHECK_FUNCTION_EXISTS=pthread_create   -o CMakeFiles/cmTC_0f512.dir/CheckFunctionExists.c.o   -c /usr/share/cmake-3.5/Modules/CheckFunctionExists.c
Linking C executable cmTC_0f512
/usr/bin/cmake -E cmake_link_script CMakeFiles/cmTC_0f512.dir/link.txt --verbose=1
/usr/bin/cc   -DCHECK_FUNCTION_EXISTS=pthread_create    CMakeFiles/cmTC_0f512.dir/CheckFunctionExists.c.o  -o cmTC_0f512 -rdynamic -lpthreads 
/usr/bin/ld: cannot find -lpthreads
collect2: error: ld returned 1 exit status
CMakeFiles/cmTC_0f512.dir/build.make:97: recipe for target 'cmTC_0f512' failed
make[1]: *** [cmTC_0f512] Error 1
make[1]: Leaving directory '/home/abc/apriltag_python/apriltag/build/CMakeFiles/CMakeTmp'
Makefile:126: recipe for target 'cmTC_0f512/fast' failed
make: *** [cmTC_0f512/fast] Error 2


